C51 COMPILER V9.60.0.0   TICK_TICK                                                         04/27/2023 16:49:11 PAGE 1   


C51 COMPILER V9.60.0.0, COMPILATION OF MODULE TICK_TICK
OBJECT MODULE PLACED IN .\Objects\tick_tick.obj
COMPILER INVOKED BY: C:\Keil_v5\C51\BIN\C51.EXE tick_tick.c OPTIMIZE(8,SPEED) BROWSE DEBUG OBJECTEXTEND PRINT(.\Listings
                    -\tick_tick.lst) TABS(2) OBJECT(.\Objects\tick_tick.obj)

line level    source

   1          #include <reg51.h>
   2          #include <stdio.h>
   3          #include <stdlib.h>
   4          //Set pin to control digit
   5          sbit P2_0=P2^0;
   6          sbit P2_1=P2^1;
   7          sbit P2_2=P2^2;
   8          sbit P2_3=P2^3;
   9          sbit P2_4=P2^4;
  10          sbit P2_5=P2^5;
  11          //assign button
  12          sbit P0_0=P0^0;
  13          sbit P0_1=P0^1;
  14          sbit P0_2=P0^2;
  15          sbit P0_3=P0^3;
  16          sbit P0_4=P0^4;
  17          sbit P0_5=P0^5;
  18          //R5:R4(hour) R3:R2(minute) R1:R0(second)
  19          int R0=0;
  20          int R1=0;
  21          int R2=0;
  22          int R3=0;
  23          int R4=0;
  24          int R5=0;
  25          int count[] = {0, 0, 0};
  26          unsigned char code digit[] = {
  27              0x3F,0x06,0x5B,0x4F,0x66,0x6D,0x7D,0x07,0x7F,0x6F
  28          };
  29          
  30          void delay(int time) {
  31   1      unsigned int i,j;
  32   1      for (i = 0; i < time;i++)
  33   1        {
  34   2        for (j = 0; j < 250; j++);
  35   2        }
  36   1      }
  37          void buzzer()
  38            {
  39   1          P0_5=1;
  40   1          delay(2);
  41   1          P0_5=0;
  42   1        }
  43          void Check_bomb()
  44            {
  45   1          if(R5>=0 && R4>=0 && R3>=0 && R2 >= 3 && R1 >= 0 && R0 >= 0 )
  46   1            {
  47   2              if ( R3>=0 && R2 >= 3 )
  48   2              {
  49   3              while(1)
  50   3                {
  51   4                  buzzer();
  52   4                }
  53   3              }
  54   2            }
C51 COMPILER V9.60.0.0   TICK_TICK                                                         04/27/2023 16:49:11 PAGE 2   

  55   1        }
  56          void display()
  57            {
  58   1          int R6;
  59   1          for(R6=0;R6<86;R6++)
  60   1          {
  61   2          P1=digit[R0]; P2_0 = 0; delay(1); P2=0xFF;
  62   2          P1=digit[R1]; P2_1 = 0; delay(1); P2=0xFF;
  63   2          P1=digit[R2]; P2_2 = 0; delay(1); P2=0xFF;
  64   2          P1=digit[R3]; P2_3 = 0; delay(1); P2=0xFF;
  65   2          P1=digit[R4]; P2_4 = 0; delay(1); P2=0xFF;
  66   2          P1=digit[R5]; P2_5 = 0; delay(1); P2=0xFF;
  67   2          }
  68   1        }
  69          void Increase_hour()
  70          {
  71   1        buzzer();
  72   1        if(R5!=2)
  73   1                {
  74   2                  R4++;
  75   2                  Check_bomb();
  76   2                  if(R4==10)
  77   2                  {
  78   3                    display();
  79   3                    R4=0;
  80   3                    R5++;
  81   3                    if(R5==3)
  82   3                    {
  83   4                      display();
  84   4                    }
  85   3                  }
  86   2                }
  87   1         else{
  88   2              R4++;
  89   2              Check_bomb();
  90   2              if(R4==4)
  91   2              {
  92   3                display();
  93   3                R4=0;
  94   3                R5=0;
  95   3                R5++;
  96   3                if(R5==3)
  97   3                {
  98   4                  display();
  99   4                }
 100   3               }
 101   2              }
 102   1      }
 103          void Increase_min()
 104          {
 105   1        Check_bomb();
 106   1        R2++;
 107   1        if(R2==10)
 108   1          {
 109   2            display();
 110   2            R2=0;
 111   2            R3++;
 112   2            if(R3==6)
 113   2            {
 114   3              display();
 115   3              R3=0;
 116   3              Increase_hour();
C51 COMPILER V9.60.0.0   TICK_TICK                                                         04/27/2023 16:49:11 PAGE 3   

 117   3            }
 118   2          }
 119   1      }
 120          void Increase_sec()
 121          {
 122   1        Check_bomb();
 123   1        R0++;
 124   1        if(R0==10)
 125   1        {
 126   2          display();
 127   2          R0=0;
 128   2          R1++;
 129   2          if(R1==6) 
 130   2            { 
 131   3             display();
 132   3             R1=0; 
 133   3             Increase_min(); 
 134   3            }
 135   2        }
 136   1      }
 137          void Signal_Receive(int a)
 138            {
 139   1          if(a==1) {Increase_hour(); return; }
 140   1          if(a==2) {Increase_min(); return; }
 141   1          if(a==3) {count[0]=1; return; }
 142   1          if(a==4) {count[1]=1; return; }
 143   1          if(a==5) {count[2]=1; return; }
 144   1          return;
 145   1        }
 146          unsigned int myRandom() {
 147   1          static unsigned long seed = 0;
 148   1          seed = (seed * 1103515245 + 12345) & 0xFFFFFFFF;
 149   1          return seed;
 150   1      }
 151          int main() {
 152   1          int Random_sig[5];
 153   1          int A; 
 154   1          int randomNumbers[5] = {1, 2, 3, 4, 5};
 155   1          int usedIndices[5] = {0, 0, 0, 0, 0}; 
 156   1          int index; 
 157   1          int i; 
 158   1          for (i = 0; i < 5; i++) {
 159   2              do {
 160   3                  index = myRandom() % 5;
 161   3              } while (usedIndices[index]); 
 162   2      
 163   2              usedIndices[index] = 1;
 164   2              Random_sig[i] = randomNumbers[index]; 
 165   2          }
 166   1        P2=0xFF;
 167   1        P0=0x00;
 168   1        while(1)
 169   1        {
 170   2          if(count[0]==1 && count[1]==1 && count[2]==1)
 171   2            {
 172   3              while(1)
 173   3                {
 174   4                  display();
 175   4                }
 176   3            }
 177   2          display();
 178   2          //signal_1
C51 COMPILER V9.60.0.0   TICK_TICK                                                         04/27/2023 16:49:11 PAGE 4   

 179   2          if(P0_0==0)
 180   2            {
 181   3              delay(1);
 182   3              Signal_Receive(Random_sig[0]);
 183   3            }
 184   2          //signal_2
 185   2          if(P0_1==0) 
 186   2            {
 187   3              delay(1);
 188   3              Signal_Receive(Random_sig[1]);
 189   3            }
 190   2          //signal_3
 191   2          if(P0_2==0) 
 192   2            {
 193   3              delay(1);
 194   3              Signal_Receive(Random_sig[2]);
 195   3            }
 196   2          //signal_4
 197   2          if(P0_3==0) 
 198   2            {
 199   3              delay(1);
 200   3              Signal_Receive(Random_sig[3]);
 201   3            }
 202   2          //signal_5
 203   2          if(P0_4==0) 
 204   2            {
 205   3              delay(1);
 206   3              Signal_Receive(Random_sig[4]);
 207   3            }
 208   2          //run clock linear
 209   2           Increase_sec();
 210   2        }
 211   1      }
*** WARNING C280 IN LINE 153 OF tick_tick.c: 'A': unreferenced local variable


MODULE INFORMATION:   STATIC OVERLAYABLE
   CODE SIZE        =    852    ----
   CONSTANT SIZE    =     30    ----
   XDATA SIZE       =   ----    ----
   PDATA SIZE       =   ----    ----
   DATA SIZE        =     22      40
   IDATA SIZE       =   ----    ----
   BIT SIZE         =   ----    ----
END OF MODULE INFORMATION.


C51 COMPILATION COMPLETE.  1 WARNING(S),  0 ERROR(S)
